#0 building with "default" instance using docker driver

#1 [internal] load build definition from Dockerfile
#1 transferring dockerfile: 473B done
#1 DONE 0.0s

#2 [internal] load metadata for docker.io/library/golang:1.23-alpine
#2 DONE 0.4s

#3 [internal] load metadata for docker.io/library/alpine:latest
#3 DONE 0.4s

#4 [internal] load .dockerignore
#4 transferring context: 2B done
#4 DONE 0.0s

#5 [build-release-stage 1/3] FROM docker.io/library/alpine:latest@sha256:4bcff63911fcb4448bd4fdacec207030997caf25e9bea4045fa6c8c44de311d1
#5 DONE 0.0s

#6 [build-stage 1/6] FROM docker.io/library/golang:1.23-alpine@sha256:383395b794dffa5b53012a212365d40c8e37109a626ca30d6151c8348d380b5f
#6 DONE 0.0s

#7 [internal] load build context
#7 transferring context: 935B done
#7 DONE 0.0s

#8 [build-stage 3/6] COPY go.mod go.sum ./
#8 CACHED

#9 [build-stage 4/6] RUN go mod download
#9 CACHED

#10 [build-stage 2/6] WORKDIR /home
#10 CACHED

#11 [build-stage 5/6] COPY phase1/server/ phase1/server/
#11 CACHED

#12 [build-stage 6/6] RUN go build -o main ./phase1/server
#12 DONE 10.2s

#5 [build-release-stage 1/3] FROM docker.io/library/alpine:latest@sha256:4bcff63911fcb4448bd4fdacec207030997caf25e9bea4045fa6c8c44de311d1
#5 CACHED

#13 [build-release-stage 2/3] COPY --from=build-stage /home/main /main
#13 DONE 0.0s

#14 exporting to image
#14 exporting layers 0.0s done
#14 writing image sha256:b7fb6708ca03adcc3167adec224089074f51ea76766f303d5d7d7f368381d3b1 done
#14 naming to docker.io/library/docker-gs-ping-roach done
#14 DONE 0.0s
